<?xml version="1.0" encoding="UTF-8"?>
<!-- Generated by org.testng.reporters.JUnitReportReporter -->
<testsuite skipped="0" hostname="Sampada-PC" name="TestNg.Login" tests="3" failures="0" timestamp="26 Sep 2019 05:29:19 GMT" time="12.401" errors="0">
  <testcase name="CheckTitle" time="0.054" classname="TestNg.Login"/>
  <testcase name="LoginTest" time="11.996" classname="TestNg.Login"/>
  <testcase name="CheckImages" time="0.351" classname="TestNg.Login"/>
</testsuite> <!-- TestNg.Login -->
