<?xml version="1.0" encoding="UTF-8"?>
<!-- Generated by org.testng.reporters.JUnitReportReporter -->
<testsuite skipped="0" hostname="Sampada-PC" name="TestNg.TestNGDemo" tests="2" failures="0" timestamp="24 Sep 2019 05:43:35 GMT" time="34.500" errors="0">
  <testcase name="CheckTitle" time="34.494" classname="TestNg.TestNGDemo"/>
  <testcase name="abc" time="0.006" classname="TestNg.TestNGDemo"/>
</testsuite> <!-- TestNg.TestNGDemo -->
