<?xml version="1.0" encoding="UTF-8"?>
<!-- Generated by org.testng.reporters.JUnitReportReporter -->
<testsuite skipped="0" hostname="Sampada-PC" name="TestNg.HomeTest" tests="1" failures="0" timestamp="26 Sep 2019 05:29:19 GMT" time="0.006" errors="0">
  <testcase name="HomePage" time="0.006" classname="TestNg.HomeTest"/>
</testsuite> <!-- TestNg.HomeTest -->
